<?xml version="1.0" encoding="UTF-8"?>
<!-- Generated by org.testng.reporters.JUnitXMLReporter -->
<testsuite ignored="0" hostname="LAPTOP-6HCN6P6E" failures="1" tests="3" name="Default test" time="80.002" errors="0" timestamp="2024-05-09T00:05:10 IST">
  <testcase classname="io.cucumber.testng.AbstractTestNGCucumberTests" name="runScenario" time="15.65"/>
  <testcase classname="io.cucumber.testng.AbstractTestNGCucumberTests" name="runScenario" time="16.479">
    <failure type="java.lang.AssertionError" message="expected [35,990.00] but found [.]">
      <![CDATA[java.lang.AssertionError: expected [35,990.00] but found [.]
at org.testng.Assert.fail(Assert.java:111)
at org.testng.Assert.failNotEquals(Assert.java:1578)
at org.testng.Assert.assertEqualsImpl(Assert.java:150)
at org.testng.Assert.assertEquals(Assert.java:132)
at org.testng.Assert.assertEquals(Assert.java:656)
at org.testng.Assert.assertEquals(Assert.java:666)
at stepDefinition.AddCartStepDefinition.verify_that_the_price_is_identical_to_the_product_page(AddCartStepDefinition.java:53)
at âœ½.Verify that the price is identical to the product page(file:///C:/Users/rupes/BDD/BddAssessment/src/test/resources/features/AddingCart.feature:8)
]]>
    </failure>
  </testcase> <!-- runScenario -->
  <testcase classname="io.cucumber.testng.AbstractTestNGCucumberTests" name="runScenario" time="47.208"/>
</testsuite> <!-- Default test -->
